<?xml version="1.0" encoding="UTF-8"?>
<testng-results ignored="0" total="1" passed="1" failed="0" skipped="0">
  <reporter-output>
  </reporter-output>
  <suite started-at="2022-08-11T04:53:30 AST" name="Default suite" finished-at="2022-08-11T04:54:37 AST" duration-ms="67115">
    <groups>
    </groups>
    <test started-at="2022-08-11T04:53:30 AST" name="Default test" finished-at="2022-08-11T04:54:37 AST" duration-ms="67115">
      <class name="Day1.Simple_Selenium_Test_using_TestNG">
        <test-method is-config="true" signature="before()[pri:0, instance:Day1.Simple_Selenium_Test_using_TestNG@65f095f8]" started-at="2022-08-11T04:53:30 AST" name="before" finished-at="2022-08-11T04:53:37 AST" duration-ms="7660" status="PASS">
          <reporter-output>
          </reporter-output>
        </test-method> <!-- before -->
        <test-method signature="login()[pri:0, instance:Day1.Simple_Selenium_Test_using_TestNG@65f095f8]" started-at="2022-08-11T04:53:37 AST" name="login" finished-at="2022-08-11T04:54:32 AST" duration-ms="54366" status="PASS">
          <reporter-output>
          </reporter-output>
        </test-method> <!-- login -->
        <test-method is-config="true" signature="after()[pri:0, instance:Day1.Simple_Selenium_Test_using_TestNG@65f095f8]" started-at="2022-08-11T04:54:32 AST" name="after" finished-at="2022-08-11T04:54:37 AST" duration-ms="5039" status="PASS">
          <reporter-output>
          </reporter-output>
        </test-method> <!-- after -->
      </class> <!-- Day1.Simple_Selenium_Test_using_TestNG -->
    </test> <!-- Default test -->
  </suite> <!-- Default suite -->
</testng-results>
